[debug] [2025-03-17T18:00:24.370Z] ----------------------------------------------------------------------
[debug] [2025-03-17T18:00:24.374Z] Command:       C:\Program Files\nodejs\node.exe C:\Users\Lenovo\AppData\Roaming\npm\node_modules\firebase-tools\lib\bin\firebase.js init
[debug] [2025-03-17T18:00:24.375Z] CLI Version:   13.34.0
[debug] [2025-03-17T18:00:24.375Z] Platform:      win32
[debug] [2025-03-17T18:00:24.375Z] Node Version:  v22.11.0
[debug] [2025-03-17T18:00:24.376Z] Time:          Mon Mar 17 2025 23:30:24 GMT+0530 (India Standard Time)
[debug] [2025-03-17T18:00:24.376Z] ----------------------------------------------------------------------
[debug] 
[debug] [2025-03-17T18:00:24.667Z] > command requires scopes: ["email","openid","https://www.googleapis.com/auth/cloudplatformprojects.readonly","https://www.googleapis.com/auth/firebase","https://www.googleapis.com/auth/cloud-platform"]
[debug] [2025-03-17T18:00:24.668Z] > authorizing via signed-in user (pprakash9712@gmail.com)
[info] 
     ######## #### ########  ######## ########     ###     ######  ########
     ##        ##  ##     ## ##       ##     ##  ##   ##  ##       ##
     ######    ##  ########  ######   ########  #########  ######  ######
     ##        ##  ##    ##  ##       ##     ## ##     ##       ## ##
     ##       #### ##     ## ######## ########  ##     ##  ######  ########

You're about to initialize a Firebase project in this directory:

  C:\Users\Lenovo\OneDrive\Documents\GitHub\SAT.ai\SAT.AI

Before we get started, keep in mind:

  * You are initializing within an existing Firebase project directory

[info] 
=== Project Setup
[info] 
[info] First, let's associate this project directory with a Firebase project.
[info] You can create multiple project aliases by running firebase use --add, 
[info] but for now we'll just set up a default project.
[info] 
[debug] [2025-03-17T18:01:08.567Z] Checked if tokens are valid: false, expires at: 1741863732389
[debug] [2025-03-17T18:01:08.568Z] Checked if tokens are valid: false, expires at: 1741863732389
[debug] [2025-03-17T18:01:08.568Z] > refreshing access token with scopes: []
[debug] [2025-03-17T18:01:08.571Z] >>> [apiv2][query] POST https://www.googleapis.com/oauth2/v3/token [none]
[debug] [2025-03-17T18:01:08.571Z] >>> [apiv2][body] POST https://www.googleapis.com/oauth2/v3/token [omitted]
[debug] [2025-03-17T18:01:08.871Z] <<< [apiv2][status] POST https://www.googleapis.com/oauth2/v3/token 200
[debug] [2025-03-17T18:01:08.871Z] <<< [apiv2][body] POST https://www.googleapis.com/oauth2/v3/token [omitted]
[debug] [2025-03-17T18:01:08.881Z] >>> [apiv2][query] GET https://firebase.googleapis.com/v1beta1/projects pageSize=100
[debug] [2025-03-17T18:01:09.559Z] <<< [apiv2][status] GET https://firebase.googleapis.com/v1beta1/projects 200
[debug] [2025-03-17T18:01:09.559Z] <<< [apiv2][body] GET https://firebase.googleapis.com/v1beta1/projects [omitted]
[debug] [2025-03-17T18:04:34.046Z] ----------------------------------------------------------------------
[debug] [2025-03-17T18:04:34.050Z] Command:       C:\Program Files\nodejs\node.exe C:\Users\Lenovo\AppData\Roaming\npm\node_modules\firebase-tools\lib\bin\firebase.js init
[debug] [2025-03-17T18:04:34.051Z] CLI Version:   13.34.0
[debug] [2025-03-17T18:04:34.051Z] Platform:      win32
[debug] [2025-03-17T18:04:34.051Z] Node Version:  v22.11.0
[debug] [2025-03-17T18:04:34.052Z] Time:          Mon Mar 17 2025 23:34:34 GMT+0530 (India Standard Time)
[debug] [2025-03-17T18:04:34.052Z] ----------------------------------------------------------------------
[debug] 
[debug] [2025-03-17T18:04:34.361Z] > command requires scopes: ["email","openid","https://www.googleapis.com/auth/cloudplatformprojects.readonly","https://www.googleapis.com/auth/firebase","https://www.googleapis.com/auth/cloud-platform"]
[debug] [2025-03-17T18:04:34.362Z] > authorizing via signed-in user (pprakash9712@gmail.com)
[info] 
     ######## #### ########  ######## ########     ###     ######  ########
     ##        ##  ##     ## ##       ##     ##  ##   ##  ##       ##
     ######    ##  ########  ######   ########  #########  ######  ######
     ##        ##  ##    ##  ##       ##     ## ##     ##       ## ##
     ##       #### ##     ## ######## ########  ##     ##  ######  ########

You're about to initialize a Firebase project in this directory:

  C:\Users\Lenovo\OneDrive\Documents\GitHub\SAT.ai\SAT.AI

Before we get started, keep in mind:

  * You are initializing within an existing Firebase project directory

[info] 
=== Project Setup
[info] 
[info] First, let's associate this project directory with a Firebase project.
[info] You can create multiple project aliases by running firebase use --add, 
[info] but for now we'll just set up a default project.
[info] 
[debug] [2025-03-17T18:05:04.417Z] Checked if tokens are valid: true, expires at: 1742238067871
[debug] [2025-03-17T18:05:04.417Z] Checked if tokens are valid: true, expires at: 1742238067871
[debug] [2025-03-17T18:05:04.419Z] >>> [apiv2][query] GET https://firebase.googleapis.com/v1beta1/availableProjects pageSize=100
[debug] [2025-03-17T18:05:05.713Z] <<< [apiv2][status] GET https://firebase.googleapis.com/v1beta1/availableProjects 200
[debug] [2025-03-17T18:05:05.713Z] <<< [apiv2][body] GET https://firebase.googleapis.com/v1beta1/availableProjects [omitted]
